1:1 - 7:2       Module
1:1 - 1:36      +-- String - """Test of jac importing python."""
2:1 - 2:19      +-- Import
2:1 - 2:7       |   +-- Token - import
2:7 - 2:11      |   +-- SubTag
2:7 - 2:8       |   |   +-- Token - :
2:8 - 2:11      |   |   +-- Name - jac
2:12 - 2:18     |   +-- ModulePath - pyfunc
2:12 - 2:18     |   |   +-- Name - pyfunc
2:18 - 2:19     |   +-- Semi - ;
1:1 - 6:2       |   +-- Module
1:1 - 1:20      |       +-- String - """Jac function."""
4:1 - 6:2       |       +-- Ability - my_print
4:1 - 4:4       |           +-- Token - can
4:5 - 4:13      |           +-- Name - my_print
4:13 - 4:24     |           +-- FuncSignature
4:13 - 4:14     |           |   +-- Token - (
4:14 - 4:23     |           |   +-- SubNodeList
4:14 - 4:23     |           |   |   +-- ParamVar - x
4:14 - 4:15     |           |   |       +-- Name - x
4:15 - 4:23     |           |   |       +-- SubTag
4:15 - 4:16     |           |   |           +-- Token - :
4:17 - 4:23     |           |   |           +-- Name - Object
4:23 - 4:24     |           |   +-- Token - )
4:24 - 6:2      |           +-- SubNodeList
4:24 - 4:25     |               +-- Token - {
5:5 - 5:16      |               +-- ExprStmt
5:5 - 5:15      |               |   +-- BinaryExpr
5:5 - 5:6       |               |   |   +-- Name - x
5:7 - 5:9       |               |   |   +-- Token - |>
5:10 - 5:15     |               |   |   +-- Name - print
5:15 - 5:16     |               |   +-- Semi - ;
6:1 - 6:2       |               +-- Token - }
3:1 - 3:34      +-- Import
3:1 - 3:7       |   +-- Token - import
3:7 - 3:11      |   +-- SubTag
3:7 - 3:8       |   |   +-- Token - :
3:8 - 3:11      |   |   +-- Name - jac
3:12 - 3:16     |   +-- Token - from
3:17 - 3:23     |   +-- ModulePath - pyfunc
3:17 - 3:23     |   |   +-- Name - pyfunc
3:23 - 3:24     |   +-- Token - ,
3:25 - 3:33     |   +-- SubNodeList
3:25 - 3:33     |   |   +-- ModuleItem - my_print
3:25 - 3:33     |   |       +-- Name - my_print
3:33 - 3:34     |   +-- Semi - ;
1:1 - 6:2       |   +-- Module
1:1 - 1:20      |       +-- String - """Jac function."""
4:1 - 6:2       |       +-- Ability - my_print
4:1 - 4:4       |           +-- Token - can
4:5 - 4:13      |           +-- Name - my_print
4:13 - 4:24     |           +-- FuncSignature
4:13 - 4:14     |           |   +-- Token - (
4:14 - 4:23     |           |   +-- SubNodeList
4:14 - 4:23     |           |   |   +-- ParamVar - x
4:14 - 4:15     |           |   |       +-- Name - x
4:15 - 4:23     |           |   |       +-- SubTag
4:15 - 4:16     |           |   |           +-- Token - :
4:17 - 4:23     |           |   |           +-- Name - Object
4:23 - 4:24     |           |   +-- Token - )
4:24 - 6:2      |           +-- SubNodeList
4:24 - 4:25     |               +-- Token - {
5:5 - 5:16      |               +-- ExprStmt
5:5 - 5:15      |               |   +-- BinaryExpr
5:5 - 5:6       |               |   |   +-- Name - x
5:7 - 5:9       |               |   |   +-- Token - |>
5:10 - 5:15     |               |   |   +-- Name - print
5:15 - 5:16     |               |   +-- Semi - ;
6:1 - 6:2       |               +-- Token - }
5:1 - 7:2       +-- ModuleCode
5:1 - 5:5           +-- Token - with
5:6 - 5:11          +-- Token - entry
5:12 - 7:2          +-- SubNodeList
5:12 - 5:13             +-- Token - {
6:5 - 6:22              +-- ExprStmt
6:5 - 6:21              |   +-- FuncCall
6:5 - 6:13              |   |   +-- Name - my_print
6:13 - 6:14             |   |   +-- Token - (
6:14 - 6:20             |   |   +-- SubNodeList
6:14 - 6:20             |   |   |   +-- Name - pyfunc
6:20 - 6:21             |   |   +-- Token - )
6:21 - 6:22             |   +-- Semi - ;
7:1 - 7:2               +-- Token - }